0 info it worked if it ends with ok
1 verbose cli [ '/Users/gspeiginer/.nvm/versions/node/v4.4.2/bin/node',
1 verbose cli   '/Users/gspeiginer/.nvm/versions/node/v4.4.2/bin/npm',
1 verbose cli   'run',
1 verbose cli   'serve' ]
2 info using npm@2.15.0
3 info using node@v4.4.2
4 verbose run-script [ 'preserve', 'serve', 'postserve' ]
5 info preserve @
6 info serve @
7 verbose unsafe-perm in lifecycle true
8 info @ Failed to exec serve script
9 verbose stack Error: @ serve: `static-server -p 1337`
9 verbose stack Exit status 1
9 verbose stack     at EventEmitter.<anonymous> (/Users/gspeiginer/.nvm/versions/node/v4.4.2/lib/node_modules/npm/lib/utils/lifecycle.js:217:16)
9 verbose stack     at emitTwo (events.js:87:13)
9 verbose stack     at EventEmitter.emit (events.js:172:7)
9 verbose stack     at ChildProcess.<anonymous> (/Users/gspeiginer/.nvm/versions/node/v4.4.2/lib/node_modules/npm/lib/utils/spawn.js:24:14)
9 verbose stack     at emitTwo (events.js:87:13)
9 verbose stack     at ChildProcess.emit (events.js:172:7)
9 verbose stack     at maybeClose (internal/child_process.js:827:16)
9 verbose stack     at Process.ChildProcess._handle.onexit (internal/child_process.js:211:5)
10 verbose pkgid @
11 verbose cwd /Users/gspeiginer/Code/argon-project/samples
12 error Darwin 15.2.0
13 error argv "/Users/gspeiginer/.nvm/versions/node/v4.4.2/bin/node" "/Users/gspeiginer/.nvm/versions/node/v4.4.2/bin/npm" "run" "serve"
14 error node v4.4.2
15 error npm  v2.15.0
16 error code ELIFECYCLE
17 error @ serve: `static-server -p 1337`
17 error Exit status 1
18 error Failed at the @ serve script 'static-server -p 1337'.
18 error This is most likely a problem with the  package,
18 error not with npm itself.
18 error Tell the author that this fails on your system:
18 error     static-server -p 1337
18 error You can get information on how to open an issue for this project with:
18 error     npm bugs
18 error Or if that isn't available, you can get their info via:
18 error
18 error     npm owner ls
18 error There is likely additional logging output above.
19 verbose exit [ 1, true ]
